  Character.cpp
  GameMap.cpp
C:\Users\choui\OneDrive\Documents\GitHub\TpAlgo\GameMap.cpp(61,53): warning C4244: 'argument': conversion from 'int' to 'T', possible loss of data
C:\Users\choui\OneDrive\Documents\GitHub\TpAlgo\GameMap.cpp(61,53): warning C4244:         with
C:\Users\choui\OneDrive\Documents\GitHub\TpAlgo\GameMap.cpp(61,53): warning C4244:         [
C:\Users\choui\OneDrive\Documents\GitHub\TpAlgo\GameMap.cpp(61,53): warning C4244:             T=float
C:\Users\choui\OneDrive\Documents\GitHub\TpAlgo\GameMap.cpp(61,53): warning C4244:         ]
C:\Users\choui\OneDrive\Documents\GitHub\TpAlgo\GameMap.cpp(61,30): warning C4244: 'argument': conversion from 'int' to 'T', possible loss of data
C:\Users\choui\OneDrive\Documents\GitHub\TpAlgo\GameMap.cpp(61,30): warning C4244:         with
C:\Users\choui\OneDrive\Documents\GitHub\TpAlgo\GameMap.cpp(61,30): warning C4244:         [
C:\Users\choui\OneDrive\Documents\GitHub\TpAlgo\GameMap.cpp(61,30): warning C4244:             T=float
C:\Users\choui\OneDrive\Documents\GitHub\TpAlgo\GameMap.cpp(61,30): warning C4244:         ]
  main.cpp
C:\Users\choui\OneDrive\Documents\GitHub\TpAlgo\Character.h(3,6): error C2011: 'Direction': 'enum' type redefinition
  (compiling source file 'main.cpp')
      C:\Users\choui\OneDrive\Documents\GitHub\TpAlgo\GameMap.h(13,6):
      see declaration of 'Direction'
  
C:\Users\choui\OneDrive\Documents\GitHub\TpAlgo\main.cpp(15,73): warning C4244: 'argument': conversion from 'int' to 'float', possible loss of data
C:\Users\choui\OneDrive\Documents\GitHub\TpAlgo\main.cpp(15,48): warning C4244: 'argument': conversion from 'int' to 'float', possible loss of data
C:\Users\choui\OneDrive\Documents\GitHub\TpAlgo\main.cpp(25,21): error C2039: 'MoveCharacter': is not a member of 'GameMap'
      C:\Users\choui\OneDrive\Documents\GitHub\TpAlgo\GameMap.h(15,7):
      see declaration of 'GameMap'
  
C:\Users\choui\OneDrive\Documents\GitHub\TpAlgo\main.cpp(25,46): error C2027: use of undefined type 'Direction'
      C:\Users\choui\OneDrive\Documents\GitHub\TpAlgo\GameMap.h(13,6):
      see declaration of 'Direction'
  
C:\Users\choui\OneDrive\Documents\GitHub\TpAlgo\main.cpp(26,21): error C2660: 'GameMap::Display': function does not take 1 arguments
      C:\Users\choui\OneDrive\Documents\GitHub\TpAlgo\GameMap.h(20,7):
      see declaration of 'GameMap::Display'
      C:\Users\choui\OneDrive\Documents\GitHub\TpAlgo\main.cpp(26,21):
      while trying to match the argument list '(sf::RenderWindow)'
  
  Generating Code...
